<?xml version="1.0" encoding="UTF-8"?>
<!-- Generated by org.testng.reporters.JUnitXMLReporter -->
<testsuite ignored="0" hostname="GANESH" failures="2" tests="3" name="Test" time="22.95" errors="0" timestamp="2025-04-10T14:57:26 IST">
  <testcase classname="testCases.LoginTC" name="LoginWithExcelData" time="8.284">
    <failure type="java.lang.NullPointerException" message="Cannot read field &amp;quot;Uname&amp;quot; because &amp;quot;this.login&amp;quot; is null">
      <![CDATA[java.lang.NullPointerException: Cannot read field "Uname" because "this.login" is null
at testCases.LoginTC.LoginWithExcelData(LoginTC.java:30)
at java.base/java.util.ArrayList.forEach(ArrayList.java:1597)
... Removed 25 stack frames]]>
    </failure>
  </testcase> <!-- LoginWithExcelData -->
  <testcase classname="testCases.LoginTC" name="LoginWithExcelData" time="5.005">
    <failure type="java.lang.NullPointerException" message="Cannot read field &amp;quot;Uname&amp;quot; because &amp;quot;this.login&amp;quot; is null">
      <![CDATA[java.lang.NullPointerException: Cannot read field "Uname" because "this.login" is null
at testCases.LoginTC.LoginWithExcelData(LoginTC.java:30)
at java.base/java.util.ArrayList.forEach(ArrayList.java:1597)
... Removed 25 stack frames]]>
    </failure>
  </testcase> <!-- LoginWithExcelData -->
  <testcase classname="testCases.LoginTC" name="loginWithValidCred" time="8.805"/>
</testsuite> <!-- Test -->
